CRITICAL - 2022-06-02 11:35:46 --> You have an error in your SQL syntax; check the manual that corresponds to your MariaDB server version for the right syntax to use near ')
 LIMIT 20' at line 4
#0 D:\xampp\htdocs\nftbox-demo\system\Database\MySQLi\Connection.php(331): mysqli->query('SELECT `dbt_nft...')
#1 D:\xampp\htdocs\nftbox-demo\system\Database\BaseConnection.php(741): CodeIgniter\Database\MySQLi\Connection->execute('SELECT `dbt_nft...')
#2 D:\xampp\htdocs\nftbox-demo\system\Database\BaseConnection.php(669): CodeIgniter\Database\BaseConnection->simpleQuery('SELECT `dbt_nft...')
#3 D:\xampp\htdocs\nftbox-demo\system\Database\BaseBuilder.php(1860): CodeIgniter\Database\BaseConnection->query('SELECT `dbt_nft...', Array, false)
#4 D:\xampp\htdocs\nftbox-demo\app\Modules\Website\Models\Web_model.php(298): CodeIgniter\Database\BaseBuilder->get()
#5 D:\xampp\htdocs\nftbox-demo\app\Modules\Auth\Controllers\Customer\User_dashboard.php(69): App\Modules\Website\Models\Web_model->getUserDashboardNfts(Array, 20, 'favorite')
#6 D:\xampp\htdocs\nftbox-demo\system\CodeIgniter.php(926): App\Modules\Auth\Controllers\Customer\User_dashboard->mynfts('1', 'favorite')
#7 D:\xampp\htdocs\nftbox-demo\system\CodeIgniter.php(412): CodeIgniter\CodeIgniter->runController(Object(App\Modules\Auth\Controllers\Customer\User_dashboard))
#8 D:\xampp\htdocs\nftbox-demo\system\CodeIgniter.php(320): CodeIgniter\CodeIgniter->handleRequest(NULL, Object(Config\Cache), false)
#9 D:\xampp\htdocs\nftbox-demo\index.php(64): CodeIgniter\CodeIgniter->run()
#10 {main}
CRITICAL - 2022-06-02 11:35:52 --> You have an error in your SQL syntax; check the manual that corresponds to your MariaDB server version for the right syntax to use near ')
 LIMIT 20' at line 4
#0 D:\xampp\htdocs\nftbox-demo\system\Database\MySQLi\Connection.php(331): mysqli->query('SELECT `dbt_nft...')
#1 D:\xampp\htdocs\nftbox-demo\system\Database\BaseConnection.php(741): CodeIgniter\Database\MySQLi\Connection->execute('SELECT `dbt_nft...')
#2 D:\xampp\htdocs\nftbox-demo\system\Database\BaseConnection.php(669): CodeIgniter\Database\BaseConnection->simpleQuery('SELECT `dbt_nft...')
#3 D:\xampp\htdocs\nftbox-demo\system\Database\BaseBuilder.php(1860): CodeIgniter\Database\BaseConnection->query('SELECT `dbt_nft...', Array, false)
#4 D:\xampp\htdocs\nftbox-demo\app\Modules\Website\Models\Web_model.php(298): CodeIgniter\Database\BaseBuilder->get()
#5 D:\xampp\htdocs\nftbox-demo\app\Modules\Auth\Controllers\Customer\User_dashboard.php(69): App\Modules\Website\Models\Web_model->getUserDashboardNfts(Array, 20, 'favorite')
#6 D:\xampp\htdocs\nftbox-demo\system\CodeIgniter.php(926): App\Modules\Auth\Controllers\Customer\User_dashboard->mynfts('1', 'favorite')
#7 D:\xampp\htdocs\nftbox-demo\system\CodeIgniter.php(412): CodeIgniter\CodeIgniter->runController(Object(App\Modules\Auth\Controllers\Customer\User_dashboard))
#8 D:\xampp\htdocs\nftbox-demo\system\CodeIgniter.php(320): CodeIgniter\CodeIgniter->handleRequest(NULL, Object(Config\Cache), false)
#9 D:\xampp\htdocs\nftbox-demo\index.php(64): CodeIgniter\CodeIgniter->run()
#10 {main}
CRITICAL - 2022-06-02 14:39:18 --> You have an error in your SQL syntax; check the manual that corresponds to your MariaDB server version for the right syntax to use near ')
 LIMIT 20' at line 4
#0 D:\xampp\htdocs\nftbox-demo\system\Database\MySQLi\Connection.php(331): mysqli->query('SELECT `dbt_nft...')
#1 D:\xampp\htdocs\nftbox-demo\system\Database\BaseConnection.php(741): CodeIgniter\Database\MySQLi\Connection->execute('SELECT `dbt_nft...')
#2 D:\xampp\htdocs\nftbox-demo\system\Database\BaseConnection.php(669): CodeIgniter\Database\BaseConnection->simpleQuery('SELECT `dbt_nft...')
#3 D:\xampp\htdocs\nftbox-demo\system\Database\BaseBuilder.php(1860): CodeIgniter\Database\BaseConnection->query('SELECT `dbt_nft...', Array, false)
#4 D:\xampp\htdocs\nftbox-demo\app\Modules\Website\Models\Web_model.php(298): CodeIgniter\Database\BaseBuilder->get()
#5 D:\xampp\htdocs\nftbox-demo\app\Modules\Auth\Controllers\Customer\User_dashboard.php(69): App\Modules\Website\Models\Web_model->getUserDashboardNfts(Array, 20, 'favorite')
#6 D:\xampp\htdocs\nftbox-demo\system\CodeIgniter.php(926): App\Modules\Auth\Controllers\Customer\User_dashboard->mynfts('1', 'favorite')
#7 D:\xampp\htdocs\nftbox-demo\system\CodeIgniter.php(412): CodeIgniter\CodeIgniter->runController(Object(App\Modules\Auth\Controllers\Customer\User_dashboard))
#8 D:\xampp\htdocs\nftbox-demo\system\CodeIgniter.php(320): CodeIgniter\CodeIgniter->handleRequest(NULL, Object(Config\Cache), false)
#9 D:\xampp\htdocs\nftbox-demo\index.php(64): CodeIgniter\CodeIgniter->run()
#10 {main}
CRITICAL - 2022-06-02 15:33:32 --> Undefined variable: googleapikeydecode
#0 D:\xampp\htdocs\nftbox-demo\app\Views\themes\website_template\contact.php(119): CodeIgniter\Debug\Exceptions->errorHandler(8, 'Undefined varia...', 'D:\\xampp\\htdocs...', 119, Array)
#1 D:\xampp\htdocs\nftbox-demo\system\View\View.php(246): include('D:\\xampp\\htdocs...')
#2 D:\xampp\htdocs\nftbox-demo\system\Common.php(1119): CodeIgniter\View\View->render('themes/website_...', Array, true)
#3 D:\xampp\htdocs\nftbox-demo\app\Modules\Website\Controllers\Home.php(253): view('themes/website_...', Array)
#4 D:\xampp\htdocs\nftbox-demo\system\CodeIgniter.php(926): App\Modules\Website\Controllers\Home->contact()
#5 D:\xampp\htdocs\nftbox-demo\system\CodeIgniter.php(412): CodeIgniter\CodeIgniter->runController(Object(App\Modules\Website\Controllers\Home))
#6 D:\xampp\htdocs\nftbox-demo\system\CodeIgniter.php(320): CodeIgniter\CodeIgniter->handleRequest(NULL, Object(Config\Cache), false)
#7 D:\xampp\htdocs\nftbox-demo\index.php(64): CodeIgniter\CodeIgniter->run()
#8 {main}
CRITICAL - 2022-06-02 15:38:01 --> Undefined variable: frontendAssets
#0 D:\xampp\htdocs\nftbox-demo\app\Views\themes\website_template\contact.php(119): CodeIgniter\Debug\Exceptions->errorHandler(8, 'Undefined varia...', 'D:\\xampp\\htdocs...', 119, Array)
#1 D:\xampp\htdocs\nftbox-demo\system\View\View.php(246): include('D:\\xampp\\htdocs...')
#2 D:\xampp\htdocs\nftbox-demo\system\Common.php(1119): CodeIgniter\View\View->render('themes/website_...', Array, true)
#3 D:\xampp\htdocs\nftbox-demo\app\Modules\Website\Controllers\Home.php(253): view('themes/website_...', Array)
#4 D:\xampp\htdocs\nftbox-demo\system\CodeIgniter.php(926): App\Modules\Website\Controllers\Home->contact()
#5 D:\xampp\htdocs\nftbox-demo\system\CodeIgniter.php(412): CodeIgniter\CodeIgniter->runController(Object(App\Modules\Website\Controllers\Home))
#6 D:\xampp\htdocs\nftbox-demo\system\CodeIgniter.php(320): CodeIgniter\CodeIgniter->handleRequest(NULL, Object(Config\Cache), false)
#7 D:\xampp\htdocs\nftbox-demo\index.php(64): CodeIgniter\CodeIgniter->run()
#8 {main}
CRITICAL - 2022-06-02 15:39:18 --> Undefined variable: frontendAssets
#0 D:\xampp\htdocs\nftbox-demo\app\Views\themes\website_template\contact.php(119): CodeIgniter\Debug\Exceptions->errorHandler(8, 'Undefined varia...', 'D:\\xampp\\htdocs...', 119, Array)
#1 D:\xampp\htdocs\nftbox-demo\system\View\View.php(246): include('D:\\xampp\\htdocs...')
#2 D:\xampp\htdocs\nftbox-demo\system\Common.php(1119): CodeIgniter\View\View->render('themes/website_...', Array, true)
#3 D:\xampp\htdocs\nftbox-demo\app\Modules\Website\Controllers\Home.php(253): view('themes/website_...', Array)
#4 D:\xampp\htdocs\nftbox-demo\system\CodeIgniter.php(926): App\Modules\Website\Controllers\Home->contact()
#5 D:\xampp\htdocs\nftbox-demo\system\CodeIgniter.php(412): CodeIgniter\CodeIgniter->runController(Object(App\Modules\Website\Controllers\Home))
#6 D:\xampp\htdocs\nftbox-demo\system\CodeIgniter.php(320): CodeIgniter\CodeIgniter->handleRequest(NULL, Object(Config\Cache), false)
#7 D:\xampp\htdocs\nftbox-demo\index.php(64): CodeIgniter\CodeIgniter->run()
#8 {main}
CRITICAL - 2022-06-02 15:39:28 --> Undefined variable: frontendAssets
#0 D:\xampp\htdocs\nftbox-demo\app\Views\themes\website_template\contact.php(119): CodeIgniter\Debug\Exceptions->errorHandler(8, 'Undefined varia...', 'D:\\xampp\\htdocs...', 119, Array)
#1 D:\xampp\htdocs\nftbox-demo\system\View\View.php(246): include('D:\\xampp\\htdocs...')
#2 D:\xampp\htdocs\nftbox-demo\system\Common.php(1119): CodeIgniter\View\View->render('themes/website_...', Array, true)
#3 D:\xampp\htdocs\nftbox-demo\app\Modules\Website\Controllers\Home.php(253): view('themes/website_...', Array)
#4 D:\xampp\htdocs\nftbox-demo\system\CodeIgniter.php(926): App\Modules\Website\Controllers\Home->contact()
#5 D:\xampp\htdocs\nftbox-demo\system\CodeIgniter.php(412): CodeIgniter\CodeIgniter->runController(Object(App\Modules\Website\Controllers\Home))
#6 D:\xampp\htdocs\nftbox-demo\system\CodeIgniter.php(320): CodeIgniter\CodeIgniter->handleRequest(NULL, Object(Config\Cache), false)
#7 D:\xampp\htdocs\nftbox-demo\index.php(64): CodeIgniter\CodeIgniter->run()
#8 {main}
