CRITICAL - 2022-06-16 12:12:27 --> Trying to get property 'user_id' of non-object
#0 /home/nftbox/public_html/app/Modules/Website/Controllers/Home.php(196): CodeIgniter\Debug\Exceptions->errorHandler(8, 'Trying to get p...', '/home/nftbox/pu...', 196, Array)
#1 /home/nftbox/public_html/system/CodeIgniter.php(926): App\Modules\Website\Controllers\Home->userWiseNfts('requestProvider...')
#2 /home/nftbox/public_html/system/CodeIgniter.php(412): CodeIgniter\CodeIgniter->runController(Object(App\Modules\Website\Controllers\Home))
#3 /home/nftbox/public_html/system/CodeIgniter.php(320): CodeIgniter\CodeIgniter->handleRequest(NULL, Object(Config\Cache), false)
#4 /home/nftbox/public_html/index.php(64): CodeIgniter\CodeIgniter->run()
#5 {main}
CRITICAL - 2022-06-16 12:58:14 --> Trying to get property 'balance' of non-object
#0 /home/nftbox/public_html/app/Modules/Nfts/Controllers/Users/Accounts.php(31): CodeIgniter\Debug\Exceptions->errorHandler(8, 'Trying to get p...', '/home/nftbox/pu...', 31, Array)
#1 /home/nftbox/public_html/system/CodeIgniter.php(926): App\Modules\Nfts\Controllers\Users\Accounts->getBalance()
#2 /home/nftbox/public_html/system/CodeIgniter.php(412): CodeIgniter\CodeIgniter->runController(Object(App\Modules\Nfts\Controllers\Users\Accounts))
#3 /home/nftbox/public_html/system/CodeIgniter.php(320): CodeIgniter\CodeIgniter->handleRequest(NULL, Object(Config\Cache), false)
#4 /home/nftbox/public_html/index.php(64): CodeIgniter\CodeIgniter->run()
#5 {main}
CRITICAL - 2022-06-16 14:34:34 --> Undefined variable: network
#0 /home/nftbox/public_html/app/Modules/Nfts/Views/Users/nfts/editnft.php(122): CodeIgniter\Debug\Exceptions->errorHandler(8, 'Undefined varia...', '/home/nftbox/pu...', 122, Array)
#1 /home/nftbox/public_html/system/View/View.php(246): include('/home/nftbox/pu...')
#2 /home/nftbox/public_html/system/Common.php(1119): CodeIgniter\View\View->render('App\\Modules\\Nft...', Array, true)
#3 /home/nftbox/public_html/app/Modules/Nfts/Controllers/Users/User_nfts.php(555): view('App\\Modules\\Nft...', Array)
#4 /home/nftbox/public_html/system/CodeIgniter.php(926): App\Modules\Nfts\Controllers\Users\User_nfts->updateNft('1', '1', '0xF5813b80c982a...')
#5 /home/nftbox/public_html/system/CodeIgniter.php(412): CodeIgniter\CodeIgniter->runController(Object(App\Modules\Nfts\Controllers\Users\User_nfts))
#6 /home/nftbox/public_html/system/CodeIgniter.php(320): CodeIgniter\CodeIgniter->handleRequest(NULL, Object(Config\Cache), false)
#7 /home/nftbox/public_html/index.php(64): CodeIgniter\CodeIgniter->run()
#8 {main}
CRITICAL - 2022-06-16 16:24:57 --> Trying to get property 'user_id' of non-object
#0 /home/nftbox/public_html/app/Modules/Website/Controllers/Home.php(123): CodeIgniter\Debug\Exceptions->errorHandler(8, 'Trying to get p...', '/home/nftbox/pu...', 123, Array)
#1 /home/nftbox/public_html/system/CodeIgniter.php(926): App\Modules\Website\Controllers\Home->collectionWiseNfts('requestProvider...')
#2 /home/nftbox/public_html/system/CodeIgniter.php(412): CodeIgniter\CodeIgniter->runController(Object(App\Modules\Website\Controllers\Home))
#3 /home/nftbox/public_html/system/CodeIgniter.php(320): CodeIgniter\CodeIgniter->handleRequest(NULL, Object(Config\Cache), false)
#4 /home/nftbox/public_html/index.php(64): CodeIgniter\CodeIgniter->run()
#5 {main}
CRITICAL - 2022-06-16 16:26:26 --> Trying to get property 'user_id' of non-object
#0 /home/nftbox/public_html/app/Modules/Website/Controllers/Home.php(123): CodeIgniter\Debug\Exceptions->errorHandler(8, 'Trying to get p...', '/home/nftbox/pu...', 123, Array)
#1 /home/nftbox/public_html/system/CodeIgniter.php(926): App\Modules\Website\Controllers\Home->collectionWiseNfts('requestProvider...')
#2 /home/nftbox/public_html/system/CodeIgniter.php(412): CodeIgniter\CodeIgniter->runController(Object(App\Modules\Website\Controllers\Home))
#3 /home/nftbox/public_html/system/CodeIgniter.php(320): CodeIgniter\CodeIgniter->handleRequest(NULL, Object(Config\Cache), false)
#4 /home/nftbox/public_html/index.php(64): CodeIgniter\CodeIgniter->run()
#5 {main}
CRITICAL - 2022-06-16 16:27:14 --> Trying to get property 'user_id' of non-object
#0 /home/nftbox/public_html/app/Modules/Website/Controllers/Home.php(123): CodeIgniter\Debug\Exceptions->errorHandler(8, 'Trying to get p...', '/home/nftbox/pu...', 123, Array)
#1 /home/nftbox/public_html/system/CodeIgniter.php(926): App\Modules\Website\Controllers\Home->collectionWiseNfts('requestProvider...')
#2 /home/nftbox/public_html/system/CodeIgniter.php(412): CodeIgniter\CodeIgniter->runController(Object(App\Modules\Website\Controllers\Home))
#3 /home/nftbox/public_html/system/CodeIgniter.php(320): CodeIgniter\CodeIgniter->handleRequest(NULL, Object(Config\Cache), false)
#4 /home/nftbox/public_html/index.php(64): CodeIgniter\CodeIgniter->run()
#5 {main}
CRITICAL - 2022-06-16 16:27:57 --> Trying to get property 'user_id' of non-object
#0 /home/nftbox/public_html/app/Modules/Website/Controllers/Home.php(123): CodeIgniter\Debug\Exceptions->errorHandler(8, 'Trying to get p...', '/home/nftbox/pu...', 123, Array)
#1 /home/nftbox/public_html/system/CodeIgniter.php(926): App\Modules\Website\Controllers\Home->collectionWiseNfts('requestProvider...')
#2 /home/nftbox/public_html/system/CodeIgniter.php(412): CodeIgniter\CodeIgniter->runController(Object(App\Modules\Website\Controllers\Home))
#3 /home/nftbox/public_html/system/CodeIgniter.php(320): CodeIgniter\CodeIgniter->handleRequest(NULL, Object(Config\Cache), false)
#4 /home/nftbox/public_html/index.php(64): CodeIgniter\CodeIgniter->run()
#5 {main}
CRITICAL - 2022-06-16 16:28:25 --> Trying to get property 'user_id' of non-object
#0 /home/nftbox/public_html/app/Modules/Website/Controllers/Home.php(123): CodeIgniter\Debug\Exceptions->errorHandler(8, 'Trying to get p...', '/home/nftbox/pu...', 123, Array)
#1 /home/nftbox/public_html/system/CodeIgniter.php(926): App\Modules\Website\Controllers\Home->collectionWiseNfts('requestProvider...')
#2 /home/nftbox/public_html/system/CodeIgniter.php(412): CodeIgniter\CodeIgniter->runController(Object(App\Modules\Website\Controllers\Home))
#3 /home/nftbox/public_html/system/CodeIgniter.php(320): CodeIgniter\CodeIgniter->handleRequest(NULL, Object(Config\Cache), false)
#4 /home/nftbox/public_html/index.php(64): CodeIgniter\CodeIgniter->run()
#5 {main}
CRITICAL - 2022-06-16 16:28:41 --> Trying to get property 'user_id' of non-object
#0 /home/nftbox/public_html/app/Modules/Website/Controllers/Home.php(123): CodeIgniter\Debug\Exceptions->errorHandler(8, 'Trying to get p...', '/home/nftbox/pu...', 123, Array)
#1 /home/nftbox/public_html/system/CodeIgniter.php(926): App\Modules\Website\Controllers\Home->collectionWiseNfts('requestProvider...')
#2 /home/nftbox/public_html/system/CodeIgniter.php(412): CodeIgniter\CodeIgniter->runController(Object(App\Modules\Website\Controllers\Home))
#3 /home/nftbox/public_html/system/CodeIgniter.php(320): CodeIgniter\CodeIgniter->handleRequest(NULL, Object(Config\Cache), false)
#4 /home/nftbox/public_html/index.php(64): CodeIgniter\CodeIgniter->run()
#5 {main}
CRITICAL - 2022-06-16 16:29:09 --> Trying to get property 'user_id' of non-object
#0 /home/nftbox/public_html/app/Modules/Website/Controllers/Home.php(123): CodeIgniter\Debug\Exceptions->errorHandler(8, 'Trying to get p...', '/home/nftbox/pu...', 123, Array)
#1 /home/nftbox/public_html/system/CodeIgniter.php(926): App\Modules\Website\Controllers\Home->collectionWiseNfts('requestProvider...')
#2 /home/nftbox/public_html/system/CodeIgniter.php(412): CodeIgniter\CodeIgniter->runController(Object(App\Modules\Website\Controllers\Home))
#3 /home/nftbox/public_html/system/CodeIgniter.php(320): CodeIgniter\CodeIgniter->handleRequest(NULL, Object(Config\Cache), false)
#4 /home/nftbox/public_html/index.php(64): CodeIgniter\CodeIgniter->run()
#5 {main}
CRITICAL - 2022-06-16 16:29:16 --> Trying to get property 'user_id' of non-object
#0 /home/nftbox/public_html/app/Modules/Website/Controllers/Home.php(123): CodeIgniter\Debug\Exceptions->errorHandler(8, 'Trying to get p...', '/home/nftbox/pu...', 123, Array)
#1 /home/nftbox/public_html/system/CodeIgniter.php(926): App\Modules\Website\Controllers\Home->collectionWiseNfts('requestProvider...')
#2 /home/nftbox/public_html/system/CodeIgniter.php(412): CodeIgniter\CodeIgniter->runController(Object(App\Modules\Website\Controllers\Home))
#3 /home/nftbox/public_html/system/CodeIgniter.php(320): CodeIgniter\CodeIgniter->handleRequest(NULL, Object(Config\Cache), false)
#4 /home/nftbox/public_html/index.php(64): CodeIgniter\CodeIgniter->run()
#5 {main}
CRITICAL - 2022-06-16 16:33:00 --> Trying to get property 'user_id' of non-object
#0 /home/nftbox/public_html/app/Modules/Website/Controllers/Home.php(123): CodeIgniter\Debug\Exceptions->errorHandler(8, 'Trying to get p...', '/home/nftbox/pu...', 123, Array)
#1 /home/nftbox/public_html/system/CodeIgniter.php(926): App\Modules\Website\Controllers\Home->collectionWiseNfts('requestProvider...')
#2 /home/nftbox/public_html/system/CodeIgniter.php(412): CodeIgniter\CodeIgniter->runController(Object(App\Modules\Website\Controllers\Home))
#3 /home/nftbox/public_html/system/CodeIgniter.php(320): CodeIgniter\CodeIgniter->handleRequest(NULL, Object(Config\Cache), false)
#4 /home/nftbox/public_html/index.php(64): CodeIgniter\CodeIgniter->run()
#5 {main}
CRITICAL - 2022-06-16 16:33:33 --> Trying to get property 'user_id' of non-object
#0 /home/nftbox/public_html/app/Modules/Website/Controllers/Home.php(123): CodeIgniter\Debug\Exceptions->errorHandler(8, 'Trying to get p...', '/home/nftbox/pu...', 123, Array)
#1 /home/nftbox/public_html/system/CodeIgniter.php(926): App\Modules\Website\Controllers\Home->collectionWiseNfts('requestProvider...')
#2 /home/nftbox/public_html/system/CodeIgniter.php(412): CodeIgniter\CodeIgniter->runController(Object(App\Modules\Website\Controllers\Home))
#3 /home/nftbox/public_html/system/CodeIgniter.php(320): CodeIgniter\CodeIgniter->handleRequest(NULL, Object(Config\Cache), false)
#4 /home/nftbox/public_html/index.php(64): CodeIgniter\CodeIgniter->run()
#5 {main}
CRITICAL - 2022-06-16 16:35:40 --> Trying to get property 'user_id' of non-object
#0 /home/nftbox/public_html/app/Modules/Website/Controllers/Home.php(123): CodeIgniter\Debug\Exceptions->errorHandler(8, 'Trying to get p...', '/home/nftbox/pu...', 123, Array)
#1 /home/nftbox/public_html/system/CodeIgniter.php(926): App\Modules\Website\Controllers\Home->collectionWiseNfts('requestProvider...')
#2 /home/nftbox/public_html/system/CodeIgniter.php(412): CodeIgniter\CodeIgniter->runController(Object(App\Modules\Website\Controllers\Home))
#3 /home/nftbox/public_html/system/CodeIgniter.php(320): CodeIgniter\CodeIgniter->handleRequest(NULL, Object(Config\Cache), false)
#4 /home/nftbox/public_html/index.php(64): CodeIgniter\CodeIgniter->run()
#5 {main}
CRITICAL - 2022-06-16 16:36:25 --> Trying to get property 'user_id' of non-object
#0 /home/nftbox/public_html/app/Modules/Website/Controllers/Home.php(123): CodeIgniter\Debug\Exceptions->errorHandler(8, 'Trying to get p...', '/home/nftbox/pu...', 123, Array)
#1 /home/nftbox/public_html/system/CodeIgniter.php(926): App\Modules\Website\Controllers\Home->collectionWiseNfts('requestProvider...')
#2 /home/nftbox/public_html/system/CodeIgniter.php(412): CodeIgniter\CodeIgniter->runController(Object(App\Modules\Website\Controllers\Home))
#3 /home/nftbox/public_html/system/CodeIgniter.php(320): CodeIgniter\CodeIgniter->handleRequest(NULL, Object(Config\Cache), false)
#4 /home/nftbox/public_html/index.php(64): CodeIgniter\CodeIgniter->run()
#5 {main}
CRITICAL - 2022-06-16 16:37:29 --> Trying to get property 'user_id' of non-object
#0 /home/nftbox/public_html/app/Modules/Website/Controllers/Home.php(123): CodeIgniter\Debug\Exceptions->errorHandler(8, 'Trying to get p...', '/home/nftbox/pu...', 123, Array)
#1 /home/nftbox/public_html/system/CodeIgniter.php(926): App\Modules\Website\Controllers\Home->collectionWiseNfts('requestProvider...')
#2 /home/nftbox/public_html/system/CodeIgniter.php(412): CodeIgniter\CodeIgniter->runController(Object(App\Modules\Website\Controllers\Home))
#3 /home/nftbox/public_html/system/CodeIgniter.php(320): CodeIgniter\CodeIgniter->handleRequest(NULL, Object(Config\Cache), false)
#4 /home/nftbox/public_html/index.php(64): CodeIgniter\CodeIgniter->run()
#5 {main}
CRITICAL - 2022-06-16 16:38:09 --> Trying to get property 'user_id' of non-object
#0 /home/nftbox/public_html/app/Modules/Website/Controllers/Home.php(123): CodeIgniter\Debug\Exceptions->errorHandler(8, 'Trying to get p...', '/home/nftbox/pu...', 123, Array)
#1 /home/nftbox/public_html/system/CodeIgniter.php(926): App\Modules\Website\Controllers\Home->collectionWiseNfts('requestProvider...')
#2 /home/nftbox/public_html/system/CodeIgniter.php(412): CodeIgniter\CodeIgniter->runController(Object(App\Modules\Website\Controllers\Home))
#3 /home/nftbox/public_html/system/CodeIgniter.php(320): CodeIgniter\CodeIgniter->handleRequest(NULL, Object(Config\Cache), false)
#4 /home/nftbox/public_html/index.php(64): CodeIgniter\CodeIgniter->run()
#5 {main}
CRITICAL - 2022-06-16 16:39:18 --> Trying to get property 'user_id' of non-object
#0 /home/nftbox/public_html/app/Modules/Website/Controllers/Home.php(123): CodeIgniter\Debug\Exceptions->errorHandler(8, 'Trying to get p...', '/home/nftbox/pu...', 123, Array)
#1 /home/nftbox/public_html/system/CodeIgniter.php(926): App\Modules\Website\Controllers\Home->collectionWiseNfts('requestProvider...')
#2 /home/nftbox/public_html/system/CodeIgniter.php(412): CodeIgniter\CodeIgniter->runController(Object(App\Modules\Website\Controllers\Home))
#3 /home/nftbox/public_html/system/CodeIgniter.php(320): CodeIgniter\CodeIgniter->handleRequest(NULL, Object(Config\Cache), false)
#4 /home/nftbox/public_html/index.php(64): CodeIgniter\CodeIgniter->run()
#5 {main}
CRITICAL - 2022-06-16 16:39:28 --> Trying to get property 'user_id' of non-object
#0 /home/nftbox/public_html/app/Modules/Website/Controllers/Home.php(123): CodeIgniter\Debug\Exceptions->errorHandler(8, 'Trying to get p...', '/home/nftbox/pu...', 123, Array)
#1 /home/nftbox/public_html/system/CodeIgniter.php(926): App\Modules\Website\Controllers\Home->collectionWiseNfts('requestProvider...')
#2 /home/nftbox/public_html/system/CodeIgniter.php(412): CodeIgniter\CodeIgniter->runController(Object(App\Modules\Website\Controllers\Home))
#3 /home/nftbox/public_html/system/CodeIgniter.php(320): CodeIgniter\CodeIgniter->handleRequest(NULL, Object(Config\Cache), false)
#4 /home/nftbox/public_html/index.php(64): CodeIgniter\CodeIgniter->run()
#5 {main}
CRITICAL - 2022-06-16 16:39:49 --> Trying to get property 'user_id' of non-object
#0 /home/nftbox/public_html/app/Modules/Website/Controllers/Home.php(123): CodeIgniter\Debug\Exceptions->errorHandler(8, 'Trying to get p...', '/home/nftbox/pu...', 123, Array)
#1 /home/nftbox/public_html/system/CodeIgniter.php(926): App\Modules\Website\Controllers\Home->collectionWiseNfts('requestProvider...')
#2 /home/nftbox/public_html/system/CodeIgniter.php(412): CodeIgniter\CodeIgniter->runController(Object(App\Modules\Website\Controllers\Home))
#3 /home/nftbox/public_html/system/CodeIgniter.php(320): CodeIgniter\CodeIgniter->handleRequest(NULL, Object(Config\Cache), false)
#4 /home/nftbox/public_html/index.php(64): CodeIgniter\CodeIgniter->run()
#5 {main}
CRITICAL - 2022-06-16 16:41:59 --> Trying to get property 'user_id' of non-object
#0 /home/nftbox/public_html/app/Modules/Website/Controllers/Home.php(123): CodeIgniter\Debug\Exceptions->errorHandler(8, 'Trying to get p...', '/home/nftbox/pu...', 123, Array)
#1 /home/nftbox/public_html/system/CodeIgniter.php(926): App\Modules\Website\Controllers\Home->collectionWiseNfts('requestProvider...')
#2 /home/nftbox/public_html/system/CodeIgniter.php(412): CodeIgniter\CodeIgniter->runController(Object(App\Modules\Website\Controllers\Home))
#3 /home/nftbox/public_html/system/CodeIgniter.php(320): CodeIgniter\CodeIgniter->handleRequest(NULL, Object(Config\Cache), false)
#4 /home/nftbox/public_html/index.php(64): CodeIgniter\CodeIgniter->run()
#5 {main}
CRITICAL - 2022-06-16 16:42:45 --> Trying to get property 'user_id' of non-object
#0 /home/nftbox/public_html/app/Modules/Website/Controllers/Home.php(123): CodeIgniter\Debug\Exceptions->errorHandler(8, 'Trying to get p...', '/home/nftbox/pu...', 123, Array)
#1 /home/nftbox/public_html/system/CodeIgniter.php(926): App\Modules\Website\Controllers\Home->collectionWiseNfts('requestProvider...')
#2 /home/nftbox/public_html/system/CodeIgniter.php(412): CodeIgniter\CodeIgniter->runController(Object(App\Modules\Website\Controllers\Home))
#3 /home/nftbox/public_html/system/CodeIgniter.php(320): CodeIgniter\CodeIgniter->handleRequest(NULL, Object(Config\Cache), false)
#4 /home/nftbox/public_html/index.php(64): CodeIgniter\CodeIgniter->run()
#5 {main}
CRITICAL - 2022-06-16 16:42:48 --> Trying to get property 'user_id' of non-object
#0 /home/nftbox/public_html/app/Modules/Website/Controllers/Home.php(123): CodeIgniter\Debug\Exceptions->errorHandler(8, 'Trying to get p...', '/home/nftbox/pu...', 123, Array)
#1 /home/nftbox/public_html/system/CodeIgniter.php(926): App\Modules\Website\Controllers\Home->collectionWiseNfts('requestProvider...')
#2 /home/nftbox/public_html/system/CodeIgniter.php(412): CodeIgniter\CodeIgniter->runController(Object(App\Modules\Website\Controllers\Home))
#3 /home/nftbox/public_html/system/CodeIgniter.php(320): CodeIgniter\CodeIgniter->handleRequest(NULL, Object(Config\Cache), false)
#4 /home/nftbox/public_html/index.php(64): CodeIgniter\CodeIgniter->run()
#5 {main}
CRITICAL - 2022-06-16 16:43:28 --> Trying to get property 'user_id' of non-object
#0 /home/nftbox/public_html/app/Modules/Website/Controllers/Home.php(123): CodeIgniter\Debug\Exceptions->errorHandler(8, 'Trying to get p...', '/home/nftbox/pu...', 123, Array)
#1 /home/nftbox/public_html/system/CodeIgniter.php(926): App\Modules\Website\Controllers\Home->collectionWiseNfts('requestProvider...')
#2 /home/nftbox/public_html/system/CodeIgniter.php(412): CodeIgniter\CodeIgniter->runController(Object(App\Modules\Website\Controllers\Home))
#3 /home/nftbox/public_html/system/CodeIgniter.php(320): CodeIgniter\CodeIgniter->handleRequest(NULL, Object(Config\Cache), false)
#4 /home/nftbox/public_html/index.php(64): CodeIgniter\CodeIgniter->run()
#5 {main}
CRITICAL - 2022-06-16 16:44:00 --> Trying to get property 'user_id' of non-object
#0 /home/nftbox/public_html/app/Modules/Website/Controllers/Home.php(123): CodeIgniter\Debug\Exceptions->errorHandler(8, 'Trying to get p...', '/home/nftbox/pu...', 123, Array)
#1 /home/nftbox/public_html/system/CodeIgniter.php(926): App\Modules\Website\Controllers\Home->collectionWiseNfts('requestProvider...')
#2 /home/nftbox/public_html/system/CodeIgniter.php(412): CodeIgniter\CodeIgniter->runController(Object(App\Modules\Website\Controllers\Home))
#3 /home/nftbox/public_html/system/CodeIgniter.php(320): CodeIgniter\CodeIgniter->handleRequest(NULL, Object(Config\Cache), false)
#4 /home/nftbox/public_html/index.php(64): CodeIgniter\CodeIgniter->run()
#5 {main}
CRITICAL - 2022-06-16 17:39:56 --> Trying to get property 'user_id' of non-object
#0 /home/nftbox/public_html/app/Modules/Website/Controllers/Home.php(123): CodeIgniter\Debug\Exceptions->errorHandler(8, 'Trying to get p...', '/home/nftbox/pu...', 123, Array)
#1 /home/nftbox/public_html/system/CodeIgniter.php(926): App\Modules\Website\Controllers\Home->collectionWiseNfts('requestProvider...')
#2 /home/nftbox/public_html/system/CodeIgniter.php(412): CodeIgniter\CodeIgniter->runController(Object(App\Modules\Website\Controllers\Home))
#3 /home/nftbox/public_html/system/CodeIgniter.php(320): CodeIgniter\CodeIgniter->handleRequest(NULL, Object(Config\Cache), false)
#4 /home/nftbox/public_html/index.php(64): CodeIgniter\CodeIgniter->run()
#5 {main}
CRITICAL - 2022-06-16 17:40:47 --> Trying to get property 'user_id' of non-object
#0 /home/nftbox/public_html/app/Modules/Website/Controllers/Home.php(123): CodeIgniter\Debug\Exceptions->errorHandler(8, 'Trying to get p...', '/home/nftbox/pu...', 123, Array)
#1 /home/nftbox/public_html/system/CodeIgniter.php(926): App\Modules\Website\Controllers\Home->collectionWiseNfts('requestProvider...')
#2 /home/nftbox/public_html/system/CodeIgniter.php(412): CodeIgniter\CodeIgniter->runController(Object(App\Modules\Website\Controllers\Home))
#3 /home/nftbox/public_html/system/CodeIgniter.php(320): CodeIgniter\CodeIgniter->handleRequest(NULL, Object(Config\Cache), false)
#4 /home/nftbox/public_html/index.php(64): CodeIgniter\CodeIgniter->run()
#5 {main}
CRITICAL - 2022-06-16 19:52:38 --> syntax error, unexpected '}', expecting ';'
#0 D:\xampp\htdocs\nftbox-mainnet\system\Autoloader\Autoloader.php(296): CodeIgniter\Autoloader\Autoloader->requireFile('D:\\xampp\\htdocs...')
#1 D:\xampp\htdocs\nftbox-mainnet\system\Autoloader\Autoloader.php(258): CodeIgniter\Autoloader\Autoloader->loadInNamespace('App\\Modules\\Web...')
#2 [internal function]: CodeIgniter\Autoloader\Autoloader->loadClass('App\\Modules\\Web...')
#3 [internal function]: spl_autoload_call('App\\Modules\\Web...')
#4 D:\xampp\htdocs\nftbox-mainnet\system\CodeIgniter.php(877): class_exists('\\App\\Modules\\We...', true)
#5 D:\xampp\htdocs\nftbox-mainnet\system\CodeIgniter.php(402): CodeIgniter\CodeIgniter->startController()
#6 D:\xampp\htdocs\nftbox-mainnet\system\CodeIgniter.php(320): CodeIgniter\CodeIgniter->handleRequest(NULL, Object(Config\Cache), false)
#7 D:\xampp\htdocs\nftbox-mainnet\index.php(64): CodeIgniter\CodeIgniter->run()
#8 {main}
